[debug] [2023-12-17T00:42:20.488Z] ----------------------------------------------------------------------
[debug] [2023-12-17T00:42:20.495Z] Command:       /usr/local/Cellar/node/21.1.0/bin/node /usr/local/bin/firebase deploy
[debug] [2023-12-17T00:42:20.495Z] CLI Version:   12.6.2
[debug] [2023-12-17T00:42:20.496Z] Platform:      darwin
[debug] [2023-12-17T00:42:20.496Z] Node Version:  v21.1.0
[debug] [2023-12-17T00:42:20.496Z] Time:          Sat Dec 16 2023 19:42:20 GMT-0500 (Eastern Standard Time)
[debug] [2023-12-17T00:42:20.496Z] ----------------------------------------------------------------------
[debug] 
[debug] [2023-12-17T00:42:20.566Z] > command requires scopes: ["email","openid","https://www.googleapis.com/auth/cloudplatformprojects.readonly","https://www.googleapis.com/auth/firebase","https://www.googleapis.com/auth/cloud-platform"]
[debug] [2023-12-17T00:42:20.566Z] > authorizing via signed-in user (karlthimm3@gmail.com)
[debug] [2023-12-17T00:42:20.566Z] [iam] checking project tournamentwebsite-28171 for permissions ["firebase.projects.get","firebasehosting.sites.update"]
[debug] [2023-12-17T00:42:20.568Z] >>> [apiv2][query] POST https://cloudresourcemanager.googleapis.com/v1/projects/tournamentwebsite-28171:testIamPermissions [none]
[debug] [2023-12-17T00:42:20.568Z] >>> [apiv2][(partial)header] POST https://cloudresourcemanager.googleapis.com/v1/projects/tournamentwebsite-28171:testIamPermissions x-goog-quota-user=projects/tournamentwebsite-28171
[debug] [2023-12-17T00:42:20.569Z] >>> [apiv2][body] POST https://cloudresourcemanager.googleapis.com/v1/projects/tournamentwebsite-28171:testIamPermissions {"permissions":["firebase.projects.get","firebasehosting.sites.update"]}
[debug] [2023-12-17T00:42:20.841Z] <<< [apiv2][status] POST https://cloudresourcemanager.googleapis.com/v1/projects/tournamentwebsite-28171:testIamPermissions 200
[debug] [2023-12-17T00:42:20.842Z] <<< [apiv2][body] POST https://cloudresourcemanager.googleapis.com/v1/projects/tournamentwebsite-28171:testIamPermissions {"permissions":["firebase.projects.get","firebasehosting.sites.update"]}
[debug] [2023-12-17T00:42:20.843Z] >>> [apiv2][query] GET https://firebase.googleapis.com/v1beta1/projects/tournamentwebsite-28171 [none]
[debug] [2023-12-17T00:42:21.013Z] <<< [apiv2][status] GET https://firebase.googleapis.com/v1beta1/projects/tournamentwebsite-28171 200
[debug] [2023-12-17T00:42:21.013Z] <<< [apiv2][body] GET https://firebase.googleapis.com/v1beta1/projects/tournamentwebsite-28171 {"projectId":"tournamentwebsite-28171","projectNumber":"429418469412","displayName":"TournamentWebsite","name":"projects/tournamentwebsite-28171","resources":{"hostingSite":"tournamentwebsite-28171","realtimeDatabaseInstance":"tournamentwebsite-28171-default-rtdb"},"state":"ACTIVE","etag":"1_6554add2-9f31-41f1-84fc-6851db82be84"}
[info] 
[info] === Deploying to 'tournamentwebsite-28171'...
[info] 
[info] i  deploying hosting 
[debug] [2023-12-17T00:42:21.026Z] >>> [apiv2][query] POST https://firebasehosting.googleapis.com/v1beta1/projects/-/sites/tournamentwebsite-28171/versions [none]
[debug] [2023-12-17T00:42:21.026Z] >>> [apiv2][body] POST https://firebasehosting.googleapis.com/v1beta1/projects/-/sites/tournamentwebsite-28171/versions {"status":"CREATED","labels":{"deployment-tool":"cli-firebase"}}
